Saving path info
Not complete. Starting non-linear search.
number_of_cores == 1...
...not using pool
No Dynesty samples found, beginning new non-linear search. 
5000 Iterations: Performing update (Visualization, outputting samples, etc.).
Visualizing
Outputting model result
10000 Iterations: Performing update (Visualization, outputting samples, etc.).
Visualizing
Outputting model result
15000 Iterations: Performing update (Visualization, outputting samples, etc.).
Visualizing
Outputting model result
20000 Iterations: Performing update (Visualization, outputting samples, etc.).
Visualizing
Outputting model result
25000 Iterations: Performing update (Visualization, outputting samples, etc.).
Visualizing
Outputting model result
30000 Iterations: Performing update (Visualization, outputting samples, etc.).
Visualizing
Outputting model result
35000 Iterations: Performing update (Visualization, outputting samples, etc.).
Visualizing
Outputting model result
40000 Iterations: Performing update (Visualization, outputting samples, etc.).
Visualizing
Outputting model result
45000 Iterations: Performing update (Visualization, outputting samples, etc.).
Visualizing
Outputting model result
50000 Iterations: Performing update (Visualization, outputting samples, etc.).
Visualizing
Outputting model result
55000 Iterations: Performing update (Visualization, outputting samples, etc.).
Visualizing
Outputting model result
60000 Iterations: Performing update (Visualization, outputting samples, etc.).
Visualizing
Outputting model result
65000 Iterations: Performing update (Visualization, outputting samples, etc.).
Visualizing
Outputting model result
70000 Iterations: Performing update (Visualization, outputting samples, etc.).
Visualizing
Outputting model result
75000 Iterations: Performing update (Visualization, outputting samples, etc.).
Visualizing
Outputting model result
80000 Iterations: Performing update (Visualization, outputting samples, etc.).
Visualizing
Outputting model result
85000 Iterations: Performing update (Visualization, outputting samples, etc.).
Visualizing
Outputting model result
90000 Iterations: Performing update (Visualization, outputting samples, etc.).
Visualizing
Outputting model result
95000 Iterations: Performing update (Visualization, outputting samples, etc.).
Visualizing
Outputting model result
100000 Iterations: Performing update (Visualization, outputting samples, etc.).
Visualizing
Outputting model result
105000 Iterations: Performing update (Visualization, outputting samples, etc.).
Visualizing
Outputting model result
110000 Iterations: Performing update (Visualization, outputting samples, etc.).
Visualizing
Outputting model result
115000 Iterations: Performing update (Visualization, outputting samples, etc.).
Visualizing
Outputting model result
120000 Iterations: Performing update (Visualization, outputting samples, etc.).
Visualizing
Outputting model result
125000 Iterations: Performing update (Visualization, outputting samples, etc.).
Visualizing
Outputting model result
130000 Iterations: Performing update (Visualization, outputting samples, etc.).
Visualizing
Outputting model result
135000 Iterations: Performing update (Visualization, outputting samples, etc.).
Visualizing
Outputting model result
140000 Iterations: Performing update (Visualization, outputting samples, etc.).
Visualizing
Outputting model result
Removing state files
Removing zip file
